[I 2026-02-03 07:38:17,338] A new study created in memory with name: no-name-ee6c67e9-babb-4269-91ec-e753a950b610
[I 2026-02-03 07:38:22,586] Trial 0 finished with value: 0.4387499988079071 and parameters: {'lr': 0.00020116520144573678}. Best is trial 0 with value: 0.4387499988079071.
[I 2026-02-03 07:38:26,061] Trial 1 finished with value: 0.5537499785423279 and parameters: {'lr': 0.0007762707665205811}. Best is trial 1 with value: 0.5537499785423279.
[I 2026-02-03 07:38:29,548] Trial 2 finished with value: 0.5199999809265137 and parameters: {'lr': 0.0004989513367042456}. Best is trial 1 with value: 0.5537499785423279.
[I 2026-02-03 07:38:33,040] Trial 3 finished with value: 0.5562499761581421 and parameters: {'lr': 0.0008217903768403138}. Best is trial 3 with value: 0.5562499761581421.
[I 2026-02-03 07:38:36,581] Trial 4 finished with value: 0.5724999904632568 and parameters: {'lr': 0.0015625243614928487}. Best is trial 4 with value: 0.5724999904632568.
[I 2026-02-03 07:38:40,053] Trial 5 finished with value: 0.512499988079071 and parameters: {'lr': 0.00062114744723781}. Best is trial 4 with value: 0.5724999904632568.
[I 2026-02-03 07:38:43,508] Trial 6 finished with value: 0.42375001311302185 and parameters: {'lr': 0.00016999797048050216}. Best is trial 4 with value: 0.5724999904632568.
[I 2026-02-03 07:38:46,950] Trial 7 finished with value: 0.5562499761581421 and parameters: {'lr': 0.001067954416223445}. Best is trial 4 with value: 0.5724999904632568.
[I 2026-02-03 07:38:50,512] Trial 8 finished with value: 0.5687500238418579 and parameters: {'lr': 0.0018217489180309327}. Best is trial 4 with value: 0.5724999904632568.
[I 2026-02-03 07:38:53,914] Trial 9 finished with value: 0.3512499928474426 and parameters: {'lr': 0.00012294961465921702}. Best is trial 4 with value: 0.5724999904632568.
[I 2026-02-03 07:38:58,517] A new study created in memory with name: no-name-940c343c-89fa-4172-8828-ce39d1582c27
[I 2026-02-03 07:39:42,188] Trial 0 finished with value: 0.48625001311302185 and parameters: {'lr': 0.00034520417416382366, 'lambda_reg': 0.004943162945453755}. Best is trial 0 with value: 0.48625001311302185.
[I 2026-02-03 07:40:26,554] Trial 1 finished with value: 0.42250001430511475 and parameters: {'lr': 0.000151962268448096, 'lambda_reg': 0.06153069478059383}. Best is trial 0 with value: 0.48625001311302185.
[I 2026-02-03 07:41:09,367] Trial 2 finished with value: 0.5325000286102295 and parameters: {'lr': 0.0006170891830343633, 'lambda_reg': 0.0011706048770492613}. Best is trial 2 with value: 0.5325000286102295.
[I 2026-02-03 07:41:53,481] Trial 3 finished with value: 0.5799999833106995 and parameters: {'lr': 0.002662364017371652, 'lambda_reg': 0.06225339993327537}. Best is trial 3 with value: 0.5799999833106995.
[I 2026-02-03 07:42:41,974] Trial 4 finished with value: 0.3387500047683716 and parameters: {'lr': 0.00010540237911001811, 'lambda_reg': 0.009119109944683816}. Best is trial 3 with value: 0.5799999833106995.
[I 2026-02-03 07:43:27,488] Trial 5 finished with value: 0.3687500059604645 and parameters: {'lr': 0.00013995531393649145, 'lambda_reg': 0.038494193596682824}. Best is trial 3 with value: 0.5799999833106995.
[I 2026-02-03 07:44:10,990] Trial 6 finished with value: 0.45750001072883606 and parameters: {'lr': 0.00020766833687186432, 'lambda_reg': 0.018401613107358338}. Best is trial 3 with value: 0.5799999833106995.
[I 2026-02-03 07:44:55,257] Trial 7 finished with value: 0.5625 and parameters: {'lr': 0.0009337269240804197, 'lambda_reg': 0.0030041210348409246}. Best is trial 3 with value: 0.5799999833106995.
[I 2026-02-03 07:45:41,401] Trial 8 finished with value: 0.3425000011920929 and parameters: {'lr': 0.00010290406877683167, 'lambda_reg': 0.020275206140516713}. Best is trial 3 with value: 0.5799999833106995.
[I 2026-02-03 07:46:26,291] Trial 9 finished with value: 0.42375001311302185 and parameters: {'lr': 0.00017517555832339266, 'lambda_reg': 0.5376728272468689}. Best is trial 3 with value: 0.5799999833106995.
[I 2026-02-03 07:47:48,015] A new study created in memory with name: no-name-5da1ad88-db5a-4f2a-831f-e2988ed42b71
[I 2026-02-03 07:48:33,461] Trial 0 finished with value: 0.5149999856948853 and parameters: {'lr': 0.0003726688557107174, 'lambda_reg': 0.04083006425183081}. Best is trial 0 with value: 0.5149999856948853.
[I 2026-02-03 07:49:15,402] Trial 1 finished with value: 0.36250001192092896 and parameters: {'lr': 0.00011457677293251684, 'lambda_reg': 0.011376094701604325}. Best is trial 0 with value: 0.5149999856948853.
[I 2026-02-03 07:49:56,935] Trial 2 finished with value: 0.48500001430511475 and parameters: {'lr': 0.00029628622107448526, 'lambda_reg': 0.029138283329110327}. Best is trial 0 with value: 0.5149999856948853.
[I 2026-02-03 07:50:39,766] Trial 3 finished with value: 0.5562499761581421 and parameters: {'lr': 0.0009631936337581498, 'lambda_reg': 0.03599204713820475}. Best is trial 3 with value: 0.5562499761581421.
[I 2026-02-03 07:51:22,646] Trial 4 finished with value: 0.5362499952316284 and parameters: {'lr': 0.0006163537671320815, 'lambda_reg': 0.009053407201103019}. Best is trial 3 with value: 0.5562499761581421.
[I 2026-02-03 07:52:06,760] Trial 5 finished with value: 0.46875 and parameters: {'lr': 0.0002359437080883772, 'lambda_reg': 0.1841074556206159}. Best is trial 3 with value: 0.5562499761581421.
[I 2026-02-03 07:52:52,331] Trial 6 finished with value: 0.4975000023841858 and parameters: {'lr': 0.0003193222553583494, 'lambda_reg': 0.003090902812652291}. Best is trial 3 with value: 0.5562499761581421.
[I 2026-02-03 07:53:37,755] Trial 7 finished with value: 0.5412499904632568 and parameters: {'lr': 0.0006278994023888646, 'lambda_reg': 0.017532840547071316}. Best is trial 3 with value: 0.5562499761581421.
[I 2026-02-03 07:54:22,403] Trial 8 finished with value: 0.5 and parameters: {'lr': 0.00036911683817990163, 'lambda_reg': 0.5041444156956308}. Best is trial 3 with value: 0.5562499761581421.
[I 2026-02-03 07:55:04,949] Trial 9 finished with value: 0.5575000047683716 and parameters: {'lr': 0.0008594901156371331, 'lambda_reg': 0.0021756203998476013}. Best is trial 9 with value: 0.5575000047683716.
--- Tuning Baseline ---
Best Baseline params: {'lr': 0.0015625243614928487}
Final run for Baseline...
--- Tuning SGO ---
Best SGO params: {'lr': 0.002662364017371652, 'lambda_reg': 0.06225339993327537}
Final run for SGO...
--- Tuning CSGO ---
Best CSGO params: {'lr': 0.0008594901156371331, 'lambda_reg': 0.0021756203998476013}
Final run for CSGO...
Done! Results saved to results.txt and comparison.png
