Setting up dataset...

Training Prepended Greedy (Basic)...
Layer 0 Acc: 0.2420, Loss: 0.081882
Layer 1 Acc: 0.1330, Loss: 0.115939
Layer 2 Acc: 0.1650, Loss: 0.493299
Layer 3 Acc: 0.1770, Loss: 40.189213
Layer 4 Acc: 0.1275, Loss: 1952.696411
Layer 5 Acc: 0.1170, Loss: 63741.031250

Training Prepended Greedy (Linear Constrained lambda=0.1)...
Layer 0 Acc: 0.2420, Loss: 0.081882
Layer 1 Acc: 0.2165, Loss: 0.109305
Layer 2 Acc: 0.1690, Loss: 1.573349
Layer 3 Acc: 0.1545, Loss: 50.322769
Layer 4 Acc: 0.1440, Loss: 1437.276367
Layer 5 Acc: 0.1410, Loss: 39032.992188

Training Prepended Greedy (Linear Constrained lambda=1.0)...
Layer 0 Acc: 0.2420, Loss: 0.081882
Layer 1 Acc: 0.2160, Loss: 0.113408
Layer 2 Acc: 0.1630, Loss: 1.700107
Layer 3 Acc: 0.1545, Loss: 49.648762
Layer 4 Acc: 0.1465, Loss: 1407.610229
Layer 5 Acc: 0.1400, Loss: 38947.410156

Training MLP Baselines...
MLP with 1 layers Acc: 0.3240
MLP with 2 layers Acc: 0.6110
MLP with 3 layers Acc: 0.6295
MLP with 4 layers Acc: 0.6755
MLP with 5 layers Acc: 0.6495
MLP with 6 layers Acc: 0.6530

Results:
PGL Basic Acc: [0.24199999868869781, 0.13300000131130219, 0.16500000655651093, 0.1770000010728836, 0.1274999976158142, 0.11699999868869781]
PGL Lin (0.1) Acc: [0.24199999868869781, 0.21649999916553497, 0.16899999976158142, 0.15449999272823334, 0.14399999380111694, 0.14100000262260437]
PGL Lin (1.0) Acc: [0.24199999868869781, 0.2160000056028366, 0.16300000250339508, 0.15449999272823334, 0.14650000631809235, 0.14000000059604645]
MLP Acc: [0.3240000009536743, 0.6110000014305115, 0.6294999718666077, 0.6754999756813049, 0.6495000123977661, 0.652999997138977]
