Running with model set: diverse
  Dataset: breast_cancer
    Sync=True...
    Sync=False...
  Dataset: wine
    Sync=True...
    Sync=False...
  Dataset: digits
    Sync=True...
    Sync=False...
  Dataset: iris
    Sync=True...
    Sync=False...
Running with model set: trees
  Dataset: breast_cancer
    Sync=True...
    Sync=False...
  Dataset: wine
    Sync=True...
    Sync=False...
  Dataset: digits
    Sync=True...
    Sync=False...
  Dataset: iris
    Sync=True...
    Sync=False...

Summary (averaged across all datasets and model sets):
                      accuracy       auc  log_loss
method   sync  avg
Bagging  False N/A    0.973796  0.997558  0.117656
         True  N/A    0.975066  0.997274  0.118251
Stacking False False  0.972998  0.995931  0.074119
               True   0.970471  0.996025  0.075443
         True  False  0.973042  0.996163  0.075253
               True   0.974997  0.996213  0.075140
