Tuning Baseline...
[I 2026-02-05 10:49:57,136] A new study created in memory with name: no-name-4db2fe90-3fe2-4790-a1bb-0b66f1a6ede2
[I 2026-02-05 10:50:09,617] Trial 0 finished with value: 65.85 and parameters: {'lr': 0.00029091067270016247}. Best is trial 0 with value: 65.85.
[I 2026-02-05 10:50:17,203] Trial 1 finished with value: 77.7 and parameters: {'lr': 0.0011827690683054897}. Best is trial 1 with value: 77.7.
[I 2026-02-05 10:50:24,190] Trial 2 finished with value: 65.95 and parameters: {'lr': 0.00029695634083476115}. Best is trial 1 with value: 77.7.
[I 2026-02-05 10:50:31,400] Trial 3 finished with value: 80.6 and parameters: {'lr': 0.004569515899822013}. Best is trial 3 with value: 80.6.
[I 2026-02-05 10:50:41,494] Trial 4 finished with value: 68.25 and parameters: {'lr': 0.00031809136419796286}. Best is trial 3 with value: 80.6.
[I 2026-02-05 10:50:48,137] Trial 5 finished with value: 79.35 and parameters: {'lr': 0.0020102801720004258}. Best is trial 3 with value: 80.6.
[I 2026-02-05 10:50:54,455] Trial 6 finished with value: 76.15 and parameters: {'lr': 0.001036106250013031}. Best is trial 3 with value: 80.6.
[I 2026-02-05 10:51:00,821] Trial 7 finished with value: 79.65 and parameters: {'lr': 0.003285883147964946}. Best is trial 3 with value: 80.6.
[I 2026-02-05 10:51:08,263] Trial 8 finished with value: 80.3 and parameters: {'lr': 0.002539640904523101}. Best is trial 3 with value: 80.6.
[I 2026-02-05 10:51:14,550] Trial 9 finished with value: 65.4 and parameters: {'lr': 0.00030019616016673005}. Best is trial 3 with value: 80.6.
Best LR for Baseline: 0.004569515899822013
Final training for Baseline...
Tuning FSB...
[I 2026-02-05 10:51:47,375] A new study created in memory with name: no-name-fe1d7d9c-95a0-4a23-9f42-f19bc2200a3a
[I 2026-02-05 10:51:58,818] Trial 0 finished with value: 84.25 and parameters: {'lr': 0.003607071779931242}. Best is trial 0 with value: 84.25.
[I 2026-02-05 10:52:11,503] Trial 1 finished with value: 70.65 and parameters: {'lr': 0.00075225156925605}. Best is trial 0 with value: 84.25.
[I 2026-02-05 10:52:22,227] Trial 2 finished with value: 52.3 and parameters: {'lr': 0.00018809067473118666}. Best is trial 0 with value: 84.25.
[I 2026-02-05 10:52:33,306] Trial 3 finished with value: 83.15 and parameters: {'lr': 0.006969210056994332}. Best is trial 0 with value: 84.25.
[I 2026-02-05 10:52:44,194] Trial 4 finished with value: 84.4 and parameters: {'lr': 0.00788743163959276}. Best is trial 4 with value: 84.4.
[I 2026-02-05 10:52:54,696] Trial 5 finished with value: 61.9 and parameters: {'lr': 0.0003284112012378118}. Best is trial 4 with value: 84.4.
[I 2026-02-05 10:53:05,114] Trial 6 finished with value: 62.85 and parameters: {'lr': 0.00039395934505628236}. Best is trial 4 with value: 84.4.
[I 2026-02-05 10:53:16,523] Trial 7 finished with value: 83.6 and parameters: {'lr': 0.008031434229737476}. Best is trial 4 with value: 84.4.
[I 2026-02-05 10:53:27,526] Trial 8 finished with value: 84.75 and parameters: {'lr': 0.0033689325267760605}. Best is trial 8 with value: 84.75.
[I 2026-02-05 10:53:38,330] Trial 9 finished with value: 64.15 and parameters: {'lr': 0.0003940059323546077}. Best is trial 8 with value: 84.75.
Best LR for FSB: 0.0033689325267760605
Final training for FSB...
Tuning DSB...
[I 2026-02-05 10:54:36,946] A new study created in memory with name: no-name-6c828157-93b6-48da-ac8e-9cae621b5fba
[I 2026-02-05 10:54:54,883] Trial 0 finished with value: 71.65 and parameters: {'lr': 0.00038738003589423804}. Best is trial 0 with value: 71.65.
[I 2026-02-05 10:55:12,610] Trial 1 finished with value: 71.85 and parameters: {'lr': 0.0003485486045161465}. Best is trial 1 with value: 71.85.
[I 2026-02-05 10:55:32,729] Trial 2 finished with value: 70.45 and parameters: {'lr': 0.0002953545525073396}. Best is trial 1 with value: 71.85.
[I 2026-02-05 10:55:49,803] Trial 3 finished with value: 73.05 and parameters: {'lr': 0.000510528654873757}. Best is trial 3 with value: 73.05.
[I 2026-02-05 10:56:05,693] Trial 4 finished with value: 62.5 and parameters: {'lr': 0.00019253932449329753}. Best is trial 3 with value: 73.05.
[I 2026-02-05 10:56:21,876] Trial 5 finished with value: 62.75 and parameters: {'lr': 0.00019447321860168503}. Best is trial 3 with value: 73.05.
[I 2026-02-05 10:56:38,592] Trial 6 finished with value: 70.0 and parameters: {'lr': 0.00030155248417120206}. Best is trial 3 with value: 73.05.
[I 2026-02-05 10:57:00,908] Trial 7 finished with value: 65.8 and parameters: {'lr': 0.008557152422806732}. Best is trial 3 with value: 73.05.
[I 2026-02-05 10:57:18,185] Trial 8 finished with value: 71.6 and parameters: {'lr': 0.0004215469811035467}. Best is trial 3 with value: 73.05.
[I 2026-02-05 10:57:35,435] Trial 9 finished with value: 67.9 and parameters: {'lr': 0.0002528848469492752}. Best is trial 3 with value: 73.05.
Best LR for DSB: 0.000510528654873757
Final training for DSB...

Results Summary:
Baseline: 81.22% +- 0.73% (Best LR: 0.00457)
FSB: 86.50% +- 0.32% (Best LR: 0.00337)
DSB: 74.18% +- 0.38% (Best LR: 0.00051)
